Build started 2016-01-22 01:06:42.
     1>Project "C:\Users\as\Desktop\ejej\Poker1\Poker1.vcxproj" on node 2 (build target(s)).
     1>InitializeBuildStatus:
         Creating "Debug\Poker1.unsuccessfulbuild" because "AlwaysCreate" was specified.
       ClCompile:
         c:\Program Files\Microsoft Visual Studio 10.0\VC\bin\CL.exe /c /ZI /nologo /W3 /WX- /Od /Oy- /D _MBCS /Gm /EHsc /RTC1 /MDd /GS /fp:precise /Zc:wchar_t /Zc:forScope /Fo"Debug\\" /Fd"Debug\vc100.pdb" /Gd /TP /analyze- /errorReport:prompt gra.cpp
         gra.cpp
     1>c:\users\as\desktop\ejej\poker1\gra.cpp(42): warning C4244: 'argument' : conversion from 'time_t' to 'unsigned int', possible loss of data
       Link:
         c:\Program Files\Microsoft Visual Studio 10.0\VC\bin\link.exe /ERRORREPORT:PROMPT /OUT:"C:\Users\as\Desktop\ejej\Debug\Poker1.exe" /NOLOGO kernel32.lib user32.lib gdi32.lib winspool.lib comdlg32.lib advapi32.lib shell32.lib ole32.lib oleaut32.lib uuid.lib odbc32.lib odbccp32.lib /MANIFEST /ManifestFile:"Debug\Poker1.exe.intermediate.manifest" /MANIFESTUAC:"level='asInvoker' uiAccess='false'" /DEBUG /PDB:"C:\Users\as\Desktop\ejej\Debug\Poker1.pdb" /TLBID:1 /DYNAMICBASE /NXCOMPAT /IMPLIB:"C:\Users\as\Desktop\ejej\Debug\Poker1.lib" /MACHINE:X86 Debug\gra.obj
         Debug\gracz.obj
         Debug\main.obj
         Debug\menu.obj
         LINK : C:\Users\as\Desktop\ejej\Debug\Poker1.exe not found or not built by the last incremental link; performing full link
         Poker1.vcxproj -> C:\Users\as\Desktop\ejej\Debug\Poker1.exe
       Manifest:
         C:\Program Files\Microsoft SDKs\Windows\v7.0A\bin\mt.exe /nologo /verbose /outputresource:"C:\Users\as\Desktop\ejej\Debug\Poker1.exe;#1" /manifest Debug\Poker1.exe.intermediate.manifest
       FinalizeBuildStatus:
         Deleting file "Debug\Poker1.unsuccessfulbuild".
         Touching "Debug\Poker1.lastbuildstate".
     1>Done Building Project "C:\Users\as\Desktop\ejej\Poker1\Poker1.vcxproj" (build target(s)).

Build succeeded.

Time Elapsed 00:00:03.59
